     1                                  ;ft__strcmp.s
     2                                  section .data
     3                                  
     4                                  section .bss
     5                                  
     6                                  section .text
     7                                  global  ft__strcmp
     8                                  
     9                                  ft__strcmp:
    10 00000000 4831C0                  	xor rax, rax
    11                                  
    12                                  loop:
    13 00000003 8A07                    	mov al, [rdi]
    14 00000005 8A1E                    	mov bl, [rsi]
    15 00000007 38D8                    	cmp al, bl; Check if equal
    16 00000009 7C17                    	jl  low
    17 0000000B 7F1E                    	jg  higth
    18 0000000D 4831C0                  	xor rax, rax
    19 00000010 803F00                  	cmp byte [rdi], 0
    20 00000013 741D                    	je  end
    21 00000015 803E00                  	cmp byte [rsi], 0
    22 00000018 7418                    	je  end
    23 0000001A 48FFC7                  	inc rdi
    24 0000001D 48FFC6                  	inc rsi
    25 00000020 EBE1                    	jmp loop
    26                                  
    27                                  low:
    28 00000022 48C7C0FFFFFFFF          	mov rax, -1
    29 00000029 EB07                    	jmp end
    30                                  
    31                                  higth:
    32 0000002B B801000000              	mov rax, 1
    33 00000030 EB00                    	jmp end
    34                                  
    35                                  end:
    36 00000032 BF00000000              	mov rdi, 0
    37 00000037 C3                      	ret
