     1                                  ;ft__strlen
     2                                  section .data
     3                                  ;len    dd 0; init count
     4 00000000 686F6C6100              msg     db "hola", 0
     5                                  
     6                                  section .bss
     7                                  
     8                                  section .text
     9                                  global  main
    10                                  
    11                                  main:
    12 00000000 48BB-                   	mov  rbx, msg
    12 00000002 [0000000000000000] 
    13                                  	;mov rcx, len
    14 0000000A B900000000              	mov  rcx, 0
    15                                  
    16                                  while:
    17 0000000F 803B00                  	cmp byte [rbx], 0
    18 00000012 7408                    	je  end
    19 00000014 48FFC3                  	inc rbx
    20 00000017 48FFC1                  	inc rcx
    21 0000001A EBF3                    	jmp while
    22                                  
    23                                  end:
    24 0000001C B801000000              	mov rax, 1
    25 00000021 BF01000000              	mov rdi, 1
    26 00000026 4889CE                  	mov rsi, rcx
    27 00000029 0F05                    	syscall
    28 0000002B B83C000000              	mov rax, 60
    29 00000030 BF00000000              	mov rdi, 0
    30 00000035 0F05                    	syscall
