     1                                  ;ft__strcpy
     2                                  section .data
     3                                  
     4                                  section .bss
     5                                  
     6                                  section .text
     7                                  global  ft__strcpy
     8                                  
     9                                  ft__strcpy:
    10                                  	;    Prolog
    11 00000000 55                      	push rbp
    12 00000001 4889E5                  	mov  rbp, rsp
    13                                  
    14 00000004 4831C0                  	xor rax, rax
    15 00000007 4889FB                  	mov rbx, rdi; Backup return value
    16                                  
    17                                  loop:
    18 0000000A 8A06                    	mov al, [rsi]
    19 0000000C 8807                    	mov [rdi], al
    20 0000000E 3C00                    	cmp al, 0
    21 00000010 7408                    	je  end
    22 00000012 48FFC6                  	inc rsi
    23 00000015 48FFC7                  	inc rdi
    24 00000018 EBF0                    	jmp loop
    25                                  
    26                                  end:
    27 0000001A 4889D8                  	mov rax, rbx
    28 0000001D BF00000000              	mov rdi, 0
    29                                  	;   Epilog
    30 00000022 4889EC                  	mov rsp, rbp
    31 00000025 5D                      	pop rbp
    32                                  
    33 00000026 C3                      	ret
