     1                                  ;ft__strcmp.s
     2                                  section .data
     3                                  
     4                                  section .bss
     5                                  
     6                                  section .text
     7                                  global  ft__strcmp
     8                                  
     9                                  ft__strcmp:
    10                                  	;    Prolog
    11 00000000 55                      	push rbp
    12 00000001 4889E5                  	mov  rbp, rsp
    13                                  
    14 00000004 4831C0                  	xor rax, rax
    15                                  
    16                                  loop:
    17 00000007 8A07                    	mov al, [rdi]
    18 00000009 8A1E                    	mov bl, [rsi]
    19 0000000B 38D8                    	cmp al, bl; Check if equal
    20 0000000D 7C17                    	jl  low
    21 0000000F 7F1E                    	jg  higth
    22 00000011 4831C0                  	xor rax, rax
    23 00000014 803F00                  	cmp byte [rdi], 0
    24 00000017 741D                    	je  end
    25 00000019 803E00                  	cmp byte [rsi], 0
    26 0000001C 7418                    	je  end
    27 0000001E 48FFC7                  	inc rdi
    28 00000021 48FFC6                  	inc rsi
    29 00000024 EBE1                    	jmp loop
    30                                  
    31                                  low:
    32 00000026 48C7C0FFFFFFFF          	mov rax, -1
    33 0000002D EB07                    	jmp end
    34                                  
    35                                  higth:
    36 0000002F B801000000              	mov rax, 1
    37 00000034 EB00                    	jmp end
    38                                  
    39                                  end:
    40 00000036 BF00000000              	mov rdi, 0
    41                                  	;   Epilog
    42 0000003B 4889EC                  	mov rsp, rbp
    43 0000003E 5D                      	pop rbp
    44                                  
    45 0000003F C3                      	ret
